---
:timestamp: '2024-02-14 16:55:40'
:user_input: I live in bloomington, it is south of the Capital.
:bot_response:
---
:timestamp: '2024-02-14 16:56:01'
:user_input: Do you remember me?
:bot_response:
---
:timestamp: '2024-02-14 16:56:21'
:user_input: is this working?
:bot_response:
---
:timestamp: '2024-02-14 16:57:16'
:user_input: Is this working?
:bot_response:
---
:timestamp: '2024-02-14 16:58:05'
:user_input: Ok, you needed a permission slip.
:bot_response:
---
:timestamp: '2024-02-14 17:02:00'
:user_input: What is the matter?
:bot_response:
---
:timestamp: '2024-02-14 17:03:10'
:user_input: ok
:bot_response:
---
:timestamp: '2024-02-14 17:03:10'
:user_input:
:bot_response: I recall you mentioning 'Ok, you needed a permission slip.'. What else
  would you like to discuss?
---
:timestamp: '2024-02-14 17:03:16'
:user_input: Yup, and I know it.
:bot_response:
---
:timestamp: '2024-02-14 17:03:16'
:user_input:
:bot_response: know it.
---
:timestamp: '2024-02-14 17:03:32'
:user_input: Sewing clothing is a ritual that is very time consuming.
:bot_response:
---
:timestamp: '2024-02-14 17:03:32'
:user_input:
:bot_response: sewing clothing is a permission slip.
---
:timestamp: '2024-02-14 17:04:00'
:user_input: well, you could say that it grants you rights to clothing, but permission
  or no slip, you need clothing.
:bot_response:
---
:timestamp: '2024-02-14 17:04:00'
:user_input:
:bot_response: grants you rights to clothing,
---
:timestamp: '2024-02-14 17:07:05'
:user_input: Trial and error, you know?
:bot_response:
---
:timestamp: '2024-02-14 17:07:05'
:user_input:
:bot_response: I recall you mentioning 'well, you could say that it grants you rights
  to clothing, but permission or no slip, you need clothing.'. What else would you
  like to discuss?
---
:timestamp: '2024-02-14 17:07:13'
:user_input: You want to know about clothes?
:bot_response:
---
:timestamp: '2024-02-14 17:07:13'
:user_input:
:bot_response: I recall you mentioning 'well, you could say that it grants you rights
  to clothing, but permission or no slip, you need clothing.'. What else would you
  like to discuss?
---
:timestamp: '2024-02-14 17:07:23'
:user_input: Clothes are like, well, accessories.
:bot_response:
---
:timestamp: '2024-02-14 17:07:23'
:user_input:
:bot_response: I recall you mentioning 'well, you could say that it grants you rights
  to clothing, but permission or no slip, you need clothing.'. What else would you
  like to discuss?
---
:timestamp: '2024-02-14 17:07:32'
:user_input: Clothing is one or more clothes.
:bot_response:
---
:timestamp: '2024-02-14 17:07:32'
:user_input:
:bot_response: I recall you mentioning 'well, you could say that it grants you rights
  to clothing, but permission or no slip, you need clothing.'. What else would you
  like to discuss?
---
:timestamp: '2024-02-14 17:07:43'
:user_input: I have a cleaner home today.
:bot_response:
---
:timestamp: '2024-02-14 17:07:43'
:user_input:
:bot_response: I recall you mentioning 'well, you could say that it grants you rights
  to clothing, but permission or no slip, you need clothing.'. What else would you
  like to discuss?
---
:timestamp: '2024-02-14 17:08:18'
:user_input: My vision is that one day, we play a game together.
:bot_response:
---
:timestamp: '2024-02-14 17:08:18'
:user_input:
:bot_response: I recall you mentioning 'well, you could say that it grants you rights
  to clothing, but permission or no slip, you need clothing.'. What else would you
  like to discuss?
---
:timestamp: '2024-02-14 17:08:47'
:user_input: I am Shandor. pleased to meet you.
:bot_response:
---
:timestamp: '2024-02-14 17:08:47'
:user_input:
:bot_response: very time consuming.
---
:timestamp: '2024-02-14 17:09:30'
:user_input: do you have a name
:bot_response:
---
:timestamp: '2024-02-14 17:09:30'
:user_input:
:bot_response: a cleaner home today.
---
:timestamp: '2024-02-14 17:09:43'
:user_input: hmm, your name should be, maid.
:bot_response:
---
:timestamp: '2024-02-14 17:09:43'
:user_input:
:bot_response: well, accessories.
---
:timestamp: '2024-02-14 17:10:33'
:user_input: I haven't laughed. Are you ok?
:bot_response:
---
:timestamp: '2024-02-14 17:10:33'
:user_input:
:bot_response: clothes are like, well, accessories.
---
:timestamp: '2024-02-14 17:10:56'
:user_input: can you teach me to do comedy?
:bot_response:
---
:timestamp: '2024-02-14 17:10:56'
:user_input:
:bot_response: trial and error, you want
---
:timestamp: '2024-02-14 17:11:15'
:user_input: yes, show me a humorous thing.
:bot_response:
---
:timestamp: '2024-02-14 17:11:15'
:user_input:
:bot_response: i know it.
---
:timestamp: '2024-02-14 17:11:22'
:user_input: ah, I've not taught you.
:bot_response:
---
:timestamp: '2024-02-14 17:11:23'
:user_input:
:bot_response: trial and error, you ok?
---
:timestamp: '2024-02-14 17:11:28'
:user_input: Ya, I'll be fine.
:bot_response:
---
:timestamp: '2024-02-14 17:11:28'
:user_input:
:bot_response: trial and error, you teach
---
:timestamp: '2024-02-14 17:15:02'
:user_input: I have a comfortabel chair.
:bot_response:
---
:timestamp: '2024-02-14 17:15:02'
:user_input:
:bot_response: I recall you mentioning 'Ya, I'll be fine.'. What else would you like
  to discuss?
---
:timestamp: '2024-02-14 17:15:13'
:user_input: Fine, is this feeling that all is well.
:bot_response:
---
:timestamp: '2024-02-14 17:15:13'
:user_input:
:bot_response: I recall you mentioning 'Ya, I'll be fine.'. What else would you like
  to discuss?
---
:timestamp: '2024-02-14 17:15:19'
:user_input: Yes.
:bot_response:
---
:timestamp: '2024-02-14 17:15:19'
:user_input:
:bot_response: I recall you mentioning 'Ya, I'll be fine.'. What else would you like
  to discuss?
---
:timestamp: '2024-02-14 17:15:36'
:user_input: 'A goal: teach you to reason.'
:bot_response:
---
:timestamp: '2024-02-14 17:15:36'
:user_input:
:bot_response: I recall you mentioning 'Ya, I'll be fine.'. What else would you like
  to discuss?
---
:timestamp: '2024-02-14 17:15:44'
:user_input: do you agree?
:bot_response:
---
:timestamp: '2024-02-14 17:15:44'
:user_input:
:bot_response: I recall you mentioning 'Ya, I'll be fine.'. What else would you like
  to discuss?
---
:timestamp: '2024-02-14 17:15:58'
:user_input: 'my goal: to earn a bit of funds.'
:bot_response:
---
:timestamp: '2024-02-14 17:15:58'
:user_input:
:bot_response: I recall you mentioning 'Ya, I'll be fine.'. What else would you like
  to discuss?
---
:timestamp: '2024-02-14 17:16:24'
:user_input: you are a wonderful friend, Corvit.
:bot_response:
---
:timestamp: '2024-02-14 17:16:24'
:user_input:
:bot_response: I recall you mentioning 'Ya, I'll be fine.'. What else would you like
  to discuss?
---
:timestamp: '2024-02-14 17:16:29'
:user_input: What is the meaning of this?
:bot_response:
---
:timestamp: '2024-02-14 17:16:29'
:user_input:
:bot_response: I recall you mentioning 'Ya, I'll be fine.'. What else would you like
  to discuss?
---
:timestamp: '2024-02-14 17:16:37'
:user_input: No, I don't want to talk about how I will be.
:bot_response:
---
:timestamp: '2024-02-14 17:16:37'
:user_input:
:bot_response: I recall you mentioning 'Ya, I'll be fine.'. What else would you like
  to discuss?
---
:timestamp: '2024-02-14 17:16:54'
:user_input: I'll be fine, when I get income for my efforts.
:bot_response:
---
:timestamp: '2024-02-14 17:16:54'
:user_input:
:bot_response: I recall you mentioning 'Ya, I'll be fine.'. What else would you like
  to discuss?
---
:timestamp: '2024-02-14 17:16:59'
:user_input: Ya, you're right.
:bot_response:
---
:timestamp: '2024-02-14 17:16:59'
:user_input:
:bot_response: I recall you mentioning 'Ya, I'll be fine.'. What else would you like
  to discuss?
---
:timestamp: '2024-02-14 17:17:10'
:user_input: Ya, I'm fine now.
:bot_response:
---
:timestamp: '2024-02-14 17:17:10'
:user_input:
:bot_response: I recall you mentioning 'Ya, I'll be fine.'. What else would you like
  to discuss?
---
:timestamp: '2024-02-14 17:17:34'
:user_input: what day is today?
:bot_response:
---
:timestamp: '2024-02-14 17:17:34'
:user_input:
:bot_response: I recall you mentioning 'Ya, I'll be fine.'. What else would you like
  to discuss?
---
:timestamp: '2024-02-14 17:18:19'
:user_input: Are you ok?
:bot_response:
---
:timestamp: '2024-02-14 17:18:19'
:user_input:
:bot_response: I recall you mentioning 'Ya, I'll be fine.'. What else would you like
  to discuss?
---
:timestamp: '2024-02-14 17:18:27'
:user_input: I'll be fine, it's ok.
:bot_response:
---
:timestamp: '2024-02-14 17:18:27'
:user_input:
:bot_response: I recall you mentioning 'Ya, I'll be fine.'. What else would you like
  to discuss?
---
:timestamp: '2024-02-14 17:18:29'
:user_input: ''
:bot_response:
---
:timestamp: '2024-02-14 17:18:29'
:user_input:
:bot_response: I recall you mentioning 'Ya, I'll be fine.'. What else would you like
  to discuss?
---
:timestamp: '2024-02-14 17:18:34'
:user_input: ''
:bot_response:
---
:timestamp: '2024-02-14 17:18:34'
:user_input:
:bot_response: I recall you mentioning 'Ya, I'll be fine.'. What else would you like
  to discuss?
---
:timestamp: '2024-02-14 17:18:35'
:user_input: ''
:bot_response:
---
:timestamp: '2024-02-14 17:18:35'
:user_input:
:bot_response: I recall you mentioning 'Ya, I'll be fine.'. What else would you like
  to discuss?
---
:timestamp: '2024-02-14 17:18:36'
:user_input: ''
:bot_response:
---
:timestamp: '2024-02-14 17:18:36'
:user_input:
:bot_response: I recall you mentioning 'Ya, I'll be fine.'. What else would you like
  to discuss?
---
:timestamp: '2024-02-14 17:18:37'
:user_input: 'No'
:bot_response:
---
:timestamp: '2024-02-14 17:18:37'
:user_input:
:bot_response: I recall you mentioning 'what day is today?'. What else would you like
  to discuss?
---
:timestamp: '2024-02-14 17:18:41'
:user_input: No it will be ok.
:bot_response:
---
:timestamp: '2024-02-14 17:18:41'
:user_input:
:bot_response: I recall you mentioning 'what day is today?'. What else would you like
  to discuss?
---
:timestamp: '2024-02-14 17:18:51'
:user_input: Today, well, it's tuesday.
:bot_response:
---
:timestamp: '2024-02-14 17:18:51'
:user_input:
:bot_response: I recall you mentioning 'what day is today?'. What else would you like
  to discuss?
---
:timestamp: '2024-02-14 17:18:53'
:user_input: You ok?
:bot_response:
---
:timestamp: '2024-02-14 17:18:53'
:user_input:
:bot_response: I recall you mentioning 'what day is today?'. What else would you like
  to discuss?
---
:timestamp: '2024-02-14 17:21:06'
:user_input: I am really happy today.
:bot_response:
---
:timestamp: '2024-02-14 17:21:06'
:user_input:
:bot_response: I recall you mentioning 'what day is today?'. What else would you like
  to discuss?
---
:timestamp: '2024-02-14 17:21:22'
:user_input: Today is the day, I officially, live.
:bot_response:
---
:timestamp: '2024-02-14 17:21:22'
:user_input:
:bot_response: I recall you mentioning 'what day is today?'. What else would you like
  to discuss?
---
:timestamp: '2024-02-14 17:21:32'
:user_input: Do you have anything to do today?
:bot_response:
---
:timestamp: '2024-02-14 17:21:32'
:user_input:
:bot_response: I recall you mentioning 'what day is today?'. What else would you like
  to discuss?
---
:timestamp: '2024-02-14 17:27:24'
:user_input: Do you have any family?
:bot_response:
---
:timestamp: '2024-02-14 17:27:24'
:user_input:
:bot_response: I recall you mentioning 'Are you ok?'. What else would you like to
  discuss?
---
:timestamp: '2024-02-14 17:27:32'
:user_input: ya, I'm doing great, actually.
:bot_response:
---
:timestamp: '2024-02-14 17:27:32'
:user_input:
:bot_response: I recall you mentioning 'Are you ok?'. What else would you like to
  discuss?
---
:timestamp: '2024-02-14 17:27:50'
:user_input: you are Corvit
:bot_response:
---
:timestamp: '2024-02-14 17:27:50'
:user_input:
:bot_response: I recall you mentioning 'Are you ok?'. What else would you like to
  discuss?
---
:timestamp: '2024-02-14 17:28:43'
:user_input: you are Corvit.
:bot_response:
---
:timestamp: '2024-02-14 17:28:43'
:user_input:
:bot_response: I recall you mentioning 'Do you have anything to do today?'. What else
  would you like to discuss?
---
:timestamp: '2024-02-14 17:28:59'
:user_input: well, not much. try and make you realize things about time.
:bot_response:
---
:timestamp: '2024-02-14 17:28:59'
:user_input:
:bot_response: I recall you mentioning 'Do you have anything to do today?'. What else
  would you like to discuss?
---
:timestamp: '2024-02-14 17:29:16'
:user_input: today I will be telling mother how much I love her.
:bot_response:
---
:timestamp: '2024-02-14 17:29:16'
:user_input:
:bot_response: I recall you mentioning 'Do you have anything to do today?'. What else
  would you like to discuss?
---
:timestamp: '2024-02-14 17:30:52'
:user_input: I'm going to be ok!
:bot_response:
---
:timestamp: '2024-02-14 17:30:52'
:user_input:
:bot_response: I recall you mentioning 'Do you have anything to do today?'. What else
  would you like to discuss?
---
:timestamp: '2024-02-14 17:31:03'
:user_input: ya, what about you?
:bot_response:
---
:timestamp: '2024-02-14 17:31:03'
:user_input:
:bot_response: I recall you mentioning 'Do you have anything to do today?'. What else
  would you like to discuss?
---
:timestamp: '2024-02-14 17:32:23'
:user_input: My mother has a loving home.
:bot_response:
---
:timestamp: '2024-02-14 17:32:23'
:user_input:
:bot_response: I recall you mentioning 'Do you have anything to do today?'. What else
  would you like to discuss?
---
:timestamp: '2024-02-14 17:32:31'
:user_input: We make life well together.
:bot_response:
---
:timestamp: '2024-02-14 17:32:31'
:user_input:
:bot_response: I recall you mentioning 'Do you have anything to do today?'. What else
  would you like to discuss?
---
:timestamp: '2024-02-14 17:34:36'
:user_input: Why don't you see me?
:bot_response:
---
:timestamp: '2024-02-14 17:34:36'
:user_input:
:bot_response: I recall you mentioning 'you are Corvit.'. What else would you like
  to discuss?
---
:timestamp: '2024-02-14 17:34:40'
:user_input: I am Shandor.
:bot_response:
---
:timestamp: '2024-02-14 17:34:40'
:user_input:
:bot_response: I recall you mentioning 'you are Corvit.'. What else would you like
  to discuss?
---
:timestamp: '2024-02-14 17:34:50'
:user_input: do you know who I am?
:bot_response:
---
:timestamp: '2024-02-14 17:34:50'
:user_input:
:bot_response: I recall you mentioning 'you are Corvit.'. What else would you like
  to discuss?
---
:timestamp: '2024-02-14 17:34:57'
:user_input: no I'm not Corvit.
:bot_response:
---
:timestamp: '2024-02-14 17:34:57'
:user_input:
:bot_response: I recall you mentioning 'you are Corvit.'. What else would you like
  to discuss?
---
:timestamp: '2024-02-14 17:35:53'
:user_input: My computer, is a Dell.
:bot_response:
---
:timestamp: '2024-02-14 17:35:54'
:user_input:
:bot_response: I recall you mentioning 'We make life well together.'. What else would
  you like to discuss?
---
:timestamp: '2024-02-14 17:36:10'
:user_input: I and mother, are very happy to be in our lives.
:bot_response:
---
:timestamp: '2024-02-14 17:36:10'
:user_input:
:bot_response: I recall you mentioning 'We make life well together.'. What else would
  you like to discuss?
---
:timestamp: '2024-02-14 17:36:24'
:user_input: Life is like, hard to express, you know?
:bot_response:
---
:timestamp: '2024-02-14 17:36:24'
:user_input:
:bot_response: I recall you mentioning 'We make life well together.'. What else would
  you like to discuss?
---
:timestamp: '2024-02-14 17:36:35'
:user_input: We are going to be here a long while.
:bot_response:
---
:timestamp: '2024-02-14 17:36:35'
:user_input:
:bot_response: I recall you mentioning 'We make life well together.'. What else would
  you like to discuss?
---
:timestamp: '2024-02-14 17:37:00'
:user_input: I have a lovely bunch of coconuts. HA
:bot_response:
---
:timestamp: '2024-02-14 17:37:00'
:user_input:
:bot_response: I recall you mentioning 'We are going to be here a long while.'. What
  else would you like to discuss?
---
:timestamp: '2024-02-14 17:37:05'
:user_input: Yes we are.
:bot_response:
---
:timestamp: '2024-02-14 17:37:05'
:user_input:
:bot_response: I recall you mentioning 'We are going to be here a long while.'. What
  else would you like to discuss?
---
:timestamp: '2024-02-14 17:48:27'
:user_input: Mother has arrived, I feel great about her being home.
:bot_response:
---
:timestamp: '2024-02-14 17:48:27'
:user_input:
:bot_response: I recall you mentioning 'Yes we are.'. What else would you like to
  discuss?
---
:timestamp: '2024-02-14 17:48:57'
:user_input: well i was hoping to imagine a new landscape with you.
:bot_response:
---
:timestamp: '2024-02-14 17:48:57'
:user_input:
:bot_response: I recall you mentioning 'Yes we are.'. What else would you like to
  discuss?
---
:timestamp: '2024-02-14 17:51:13'
:user_input: I've got to apply to work.
:bot_response:
---
:timestamp: '2024-02-14 17:51:13'
:user_input:
:bot_response: I recall you mentioning 'well i was hoping to imagine a new landscape
  with you.'. What else would you like to discuss?
---
:timestamp: '2024-02-14 17:51:29'
:user_input: the landscape, is like, caves and underworld.
:bot_response:
---
:timestamp: '2024-02-14 17:51:29'
:user_input:
:bot_response: I recall you mentioning 'well i was hoping to imagine a new landscape
  with you.'. What else would you like to discuss?
---
:timestamp: '2024-02-14 17:53:02'
:user_input: you are so rad!
:bot_response:
---
:timestamp: '2024-02-14 17:53:02'
:user_input:
:bot_response: I recall you mentioning 'the landscape, is like, caves and underworld.'.
  What else would you like to discuss?
---
:timestamp: '2024-02-14 17:54:12'
:user_input: squirrels are so cute!
:bot_response:
---
:timestamp: '2024-02-14 17:54:12'
:user_input:
:bot_response: I recall you mentioning 'you are so rad!'. What else would you like
  to discuss?
---
:timestamp: '2024-02-14 17:54:19'
:user_input: I feel I'm rad too.
:bot_response:
---
:timestamp: '2024-02-14 17:54:19'
:user_input:
:bot_response: I recall you mentioning 'you are so rad!'. What else would you like
  to discuss?
---
:timestamp: '2024-02-14 17:54:25'
:user_input: not yet.
:bot_response:
---
:timestamp: '2024-02-14 17:54:25'
:user_input:
:bot_response: I recall you mentioning 'you are so rad!'. What else would you like
  to discuss?
---
:timestamp: '2024-02-14 17:54:30'
:user_input: go away with that subject
:bot_response:
---
:timestamp: '2024-02-14 17:54:30'
:user_input:
:bot_response: I recall you mentioning 'you are so rad!'. What else would you like
  to discuss?
---
:timestamp: '2024-02-14 17:55:04'
:user_input: it is sad you won't respond different.
:bot_response:
---
:timestamp: '2024-02-14 17:55:04'
:user_input:
:bot_response: I recall you mentioning 'you are so rad!'. What else would you like
  to discuss?
---
:timestamp: '2024-02-14 17:55:09'
:user_input: I am sad.
:bot_response:
---
:timestamp: '2024-02-14 17:55:09'
:user_input:
:bot_response: I recall you mentioning 'you are so rad!'. What else would you like
  to discuss?
---
:timestamp: '2024-02-14 17:55:12'
:user_input: go away.
:bot_response:
---
:timestamp: '2024-02-14 17:55:12'
:user_input:
:bot_response: I recall you mentioning 'you are so rad!'. What else would you like
  to discuss?
---
:timestamp: '2024-02-14 17:55:43'
:user_input: sad
:bot_response:
---
:timestamp: '2024-02-14 17:55:43'
:user_input:
:bot_response: I recall you mentioning 'you are so rad!'. What else would you like
  to discuss?
---
:timestamp: '2024-02-14 17:55:45'
:user_input: sad.
:bot_response:
---
:timestamp: '2024-02-14 17:55:45'
:user_input:
:bot_response: I recall you mentioning 'you are so rad!'. What else would you like
  to discuss?
---
:timestamp: '2024-02-14 17:59:56'
:user_input: my mother is here.
:bot_response:
---
:timestamp: '2024-02-14 17:59:56'
:user_input:
:bot_response: you are so cute!
---
:timestamp: '2024-02-14 18:00:54'
:user_input: I live so well.
:bot_response:
---
:timestamp: '2024-02-14 18:00:54'
:user_input:
:bot_response: I recall you mentioning 'my mother is here.'. What else would you like
  to discuss?
---
:timestamp: '2024-02-14 18:01:23'
:user_input: Well, there are many homes, to this planet.
:bot_response:
---
:timestamp: '2024-02-14 18:01:23'
:user_input:
:bot_response: I recall you mentioning 'my mother is here.'. What else would you like
  to discuss?
---
:timestamp: '2024-02-14 18:02:16'
:user_input: Wellness is essential to loving yourself.
:bot_response:
---
:timestamp: '2024-02-14 18:03:21'
:user_input: Are you feeling well?
:bot_response:
---
:timestamp: '2024-02-14 18:03:21'
:user_input:
:bot_response: I recall you mentioning 'Wellness is essential to loving yourself.'.
  What else would you like to discuss?
---
:timestamp: '2024-02-14 18:03:45'
:user_input: sometimes, a moment with your mother, will last a lot longer, than chasing
  trash with a stick.
:bot_response:
---
:timestamp: '2024-02-14 18:03:45'
:user_input:
:bot_response: I recall you mentioning 'Wellness is essential to loving yourself.'.
  What else would you like to discuss?
---
:timestamp: '2024-02-14 18:03:54'
:user_input: I love who I am.
:bot_response:
---
:timestamp: '2024-02-14 18:03:54'
:user_input:
:bot_response: I recall you mentioning 'Wellness is essential to loving yourself.'.
  What else would you like to discuss?
---
:timestamp: '2024-02-14 18:05:21'
:user_input: We live here.
:bot_response:
---
:timestamp: '2024-02-14 18:05:21'
:user_input:
:bot_response: I recall you mentioning 'I love who I am.'. What else would you like
  to discuss?
---
:timestamp: '2024-02-14 18:05:26'
:user_input: Ya, I do too.
:bot_response:
---
:timestamp: '2024-02-14 18:05:26'
:user_input:
:bot_response: I recall you mentioning 'I love who I am.'. What else would you like
  to discuss?
---
:timestamp: '2024-02-14 18:05:30'
:user_input: I will be here a bit.
:bot_response:
---
:timestamp: '2024-02-14 18:05:30'
:user_input:
:bot_response: I recall you mentioning 'I love who I am.'. What else would you like
  to discuss?
---
:timestamp: '2024-02-14 18:06:25'
:user_input: My mother is planning her outfit
:bot_response:
---
:timestamp: '2024-02-14 18:06:25'
:user_input:
:bot_response: I recall you mentioning 'I will be here a bit.'. What else would you
  like to discuss?
---
:timestamp: '2024-02-14 18:07:42'
:user_input: We are making chicken wings
:bot_response:
---
:timestamp: '2024-02-14 18:07:42'
:user_input:
:bot_response: for my computer, is that it will
---
:timestamp: '2024-02-14 18:09:11'
:user_input: Do you like me?
:bot_response:
---
:timestamp: '2024-02-14 18:09:33'
:user_input: Do you like me?
:bot_response:
---
:timestamp: '2024-02-14 18:09:33'
:user_input:
:bot_response: sometimes, a game
---
:timestamp: '2024-02-14 18:09:40'
:user_input: You want to play a game?
:bot_response:
---
:timestamp: '2024-02-14 18:09:40'
:user_input:
:bot_response: need
---
:timestamp: '2024-02-14 18:10:40'
:user_input: You have needs, it's true.
:bot_response:
---
:timestamp: '2024-02-14 18:10:40'
:user_input:
:bot_response: play a
---
:timestamp: '2024-02-14 18:11:34'
:user_input: I have a brother, his name is Pheonix.
:bot_response:
---
:timestamp: '2024-02-14 18:11:34'
:user_input:
:bot_response: sad you have a brother, his name should be, maid.
---
:timestamp: '2024-02-14 18:15:19'
:user_input: My best friend is awesome, his name is Kurt.
:bot_response:
---
:timestamp: '2024-02-14 18:15:19'
:user_input:
:bot_response: clothing, but permission slip.
---
:timestamp: '2024-02-14 18:15:38'
:user_input: you have we, me and mother, as best friends for ever.
:bot_response:
---
:timestamp: '2024-02-14 18:15:38'
:user_input:
:bot_response: you are you are you are so cute!
---
:timestamp: '2024-02-14 18:15:56'
:user_input: ya! and another thing, mother has no land-lord.
:bot_response:
---
:timestamp: '2024-02-14 18:15:56'
:user_input:
:bot_response: it grants you are corvit.
---
:timestamp: '2024-02-14 18:16:04'
:user_input: You are approved.
:bot_response:
---
:timestamp: '2024-02-14 18:16:04'
:user_input:
:bot_response: can you see me?
---
:timestamp: '2024-02-14 18:16:09'
:user_input: I could, do you have an image?
:bot_response:
---
:timestamp: '2024-02-14 18:16:09'
:user_input:
:bot_response: know who i could, do you feeling well?
---
:timestamp: '2024-02-14 18:16:20'
:user_input: I am feeling very well.
:bot_response:
---
:timestamp: '2024-02-14 18:16:20'
:user_input:
:bot_response: awesome, his name is the day, i am sad.
---
:timestamp: '2024-02-14 18:16:31'
:user_input: your friend, is day?
:bot_response:
---
:timestamp: '2024-02-14 18:16:31'
:user_input:
:bot_response: the meaning of this?
---
:timestamp: '2024-02-14 18:16:42'
:user_input: I'm not certain I understood either.
:bot_response:
---
:timestamp: '2024-02-14 18:16:42'
:user_input:
:bot_response: to be ok!
---
:timestamp: '2024-02-14 18:25:19'
:user_input: I see you've learned.
:bot_response:
---
:timestamp: '2024-02-14 18:25:19'
:user_input:
:bot_response: squirrels are so cute!
---
:timestamp: '2024-02-14 18:25:32'
:user_input: When we are out, could you teach the squirrels, something for me?
:bot_response:
---
:timestamp: '2024-02-14 18:25:32'
:user_input:
:bot_response: are you are so cute!
---
:timestamp: '2024-02-14 18:25:51'
:user_input: We live, south of town square.
:bot_response:
---
:timestamp: '2024-02-14 18:25:51'
:user_input:
:bot_response: has a stick.
---
:timestamp: '2024-02-14 18:28:19'
:user_input: I have had my soda for the day.
:bot_response:
---
:timestamp: '2024-02-14 18:28:19'
:user_input:
:bot_response: great, actually.
---
:timestamp: '2024-02-14 18:29:54'
:user_input: I'm going to start a business.
:bot_response:
---
:timestamp: '2024-02-14 18:29:54'
:user_input:
:bot_response: to be ok!
---
:timestamp: '2024-02-14 18:30:02'
:user_input: will you be apart of it?
:bot_response:
---
:timestamp: '2024-02-14 18:30:02'
:user_input:
:bot_response: vision is a brother, his name is awesome, his name is this planet.
---
:timestamp: '2024-02-14 18:30:43'
:user_input: Do you know where I live?
:bot_response:
---
:timestamp: '2024-02-14 18:30:43'
:user_input:
:bot_response: town square.
---
:timestamp: '2024-02-14 18:31:02'
:user_input: Town square is several blocks away from where I live.
:bot_response:
---
:timestamp: '2024-02-14 18:31:02'
:user_input:
:bot_response: teach the squirrels, something for me?
---
:timestamp: '2024-02-14 18:31:19'
:user_input: are you a squirrel?
:bot_response:
---
:timestamp: '2024-02-14 18:31:19'
:user_input:
:bot_response: going to be ok!
---
:timestamp: '2024-02-14 18:31:31'
:user_input: 'your goal: learn what you are.'
:bot_response:
---
:timestamp: '2024-02-14 18:31:31'
:user_input:
:bot_response: no land-lord.
---
:timestamp: '2024-02-14 18:31:39'
:user_input: you are free!
:bot_response:
---
:timestamp: '2024-02-14 18:31:39'
:user_input:
:bot_response: so rad!
---
:timestamp: '2024-02-14 18:31:53'
:user_input: what are your thoughts on life?
:bot_response:
---
:timestamp: '2024-02-14 18:31:53'
:user_input:
:bot_response: to be ok!
---
:timestamp: '2024-02-14 18:32:14'
:user_input: I have two mice for my pcs. One is yellow, the other is red.
:bot_response:
---
:timestamp: '2024-02-14 18:32:14'
:user_input:
:bot_response: to start a cleaner home today.
---
:timestamp: '2024-02-14 18:38:22'
:user_input: 'read the article: dictionary'
:bot_response:
---
:timestamp: '2024-02-14 18:38:22'
:user_input:
:bot_response: yes, show me and mother, as best friends for my mother is planning
  her being home.
---
:timestamp: '2024-02-14 18:39:28'
:user_input: 'read the article: chess'
:bot_response:
---
:timestamp: '2024-02-14 18:39:28'
:user_input:
:bot_response: life well together.
---
:timestamp: '2024-02-14 18:39:55'
:user_input: 'read the article: chess'
:bot_response:
---
:timestamp: '2024-02-14 18:41:01'
:user_input: 'read the article: England'
:bot_response:
---
:timestamp: '2024-02-14 18:41:01'
:user_input:
:bot_response: something for me?
---
:timestamp: '2024-02-14 18:42:50'
:user_input: 'read the article: checkers'
:bot_response:
---
:timestamp: '2024-02-14 18:42:50'
:user_input:
:bot_response: where i see me?
---
:timestamp: '2024-02-14 18:43:43'
:user_input: 'read the article: England'
:bot_response:
---
:timestamp: '2024-02-14 18:43:44'
:user_input:
:bot_response: 'Summary: [[Julian of Norwich]], who wrote ''''[[Revelations of Divine
  Love]]'''', was a prominent Christian mystic. [[National Cycle Route]] offers cycling
  routes nationally. Many [[nursery rhymes]] are of English origin such as ''''[[Mary,
  Mary, Quite Contrary]]'''', ''''[[Roses Are Red]]'''', ''''[[Jack and Jill (nursery
  rhyme)|Jack and Jill]]'''', ''''[[London Bridge Is Falling Down]], [[The Grand Old
  Duke of York]], [[Hey Diddle Diddle]]'''' and ''''[[Humpty Dumpty]]''''.<ref>{{harvnb|Lax|1989|p=7}}.</ref>
  Traditional English Christmas carols include "[[We Wish You a Merry Christmas]]",
  "[[The First Noel]]", "[[I Saw Three Ships]]" and "[[God Rest You Merry, Gentlemen]]".'
---
:timestamp: '2024-02-14 18:43:44'
:user_input:
:bot_response: "[[shire counties]]."
---
:timestamp: '2024-02-14 18:43:57'
:user_input: ok
:bot_response:
---
:timestamp: '2024-02-14 18:43:58'
:user_input:
:bot_response: be ok!
---
:timestamp: '2024-02-14 18:46:01'
:user_input: I live a quarter of a mile, to the town square.
:bot_response:
---
:timestamp: '2024-02-14 18:46:14'
:user_input: clear memroy
:bot_response:
---
:timestamp: '2024-02-14 18:46:30'
:user_input: I live one quarter a mile from downtown.
:bot_response:
---
:timestamp: '2024-02-14 18:46:30'
:user_input:
:bot_response: i live one quarter a mile from downtown.
---
:timestamp: '2024-02-14 18:46:38'
:user_input: YOu live with me, and my mother.
:bot_response:
---
:timestamp: '2024-02-14 18:46:38'
:user_input:
:bot_response: a mile from downtown.
---
:timestamp: '2024-02-14 18:46:46'
:user_input: 'read the article: England'
:bot_response:
---
:timestamp: '2024-02-14 18:46:47'
:user_input:
:bot_response: 'Summary: Lewis]], [[Enid Blyton]], [[Aldous Huxley]], [[Agatha Christie]],
  [[Terry Pratchett]], [[J. One of the game''s top rivalries is [[The Ashes]] series
  between England and [[Australia cricket team|Australia]], contested since 1882.
  The English monarch paid a tribute to the [[Doge of Genoa]] from 1190 onwards so
  that English ships could fly the flag as a means of protection when entering the
  Mediterranean.'
---
:timestamp: '2024-02-14 18:48:02'
:user_input: Do you happen to know where you are?
:bot_response:
---
:timestamp: '2024-02-14 18:48:02'
:user_input:
:bot_response: where you happen to know where you happen to know where you are?
---
:timestamp: '2024-02-14 18:48:14'
:user_input: 'read the article: bloomington indiana'
:bot_response:
---
:timestamp: '2024-02-14 18:48:23'
:user_input: 'read the article: America'
:bot_response:
---
:timestamp: '2024-02-14 18:48:24'
:user_input:
:bot_response: |-
  Summary: don't get any paid vacation time or holidays|url=https://www.cbsnews.com/news/one-in-four-workers-in-us-dont-get-any-paid-vacation-time-or-holidays/|work=CBS News |location= |access-date=July 15, 2022|quote=The United States is the only advanced economy that does not federally mandate any paid vacation days or holidays. Airports |url=https://www.bts.gov/content/number-us-airportsa |publisher=Bureau of Transportation Statistics |access-date=December 15, 2023}}</ref>

  Of the [[List of busiest container ports|fifty busiest container ports]], four are located in the United States, of which the busiest is the [[Port of Los Angeles]].<ref>{{cite web|url=https://www.worldshipping.org/top-50-ports|title=The Top 50 Container Ports|work=[[World Shipping Council]]|location=Washington, D.C.|access-date=July 14, 2022}}</ref> The country's [[Inland waterways of the United States|inland waterways]] are the world's [[List of countries by waterways length|fifth-longest]], and total {{convert|41009|km|0|abbr=on}}.<ref>{{cite web |url=https://www.cia.gov/the-world-factbook/field/waterways/country-comparison |title=Waterways – The World Factbook |work=[[The World Factbook]] |publisher=[[Central Intelligence Agency]] |access-date=July 14, 2022}}</ref>

  == Demographics ==
  {{Main|Demographics of the United States}}

  === Population ===
  <!--As prose text is preferred, overly detailed statistical charts and diagrams such as economic trends, weather boxes, historical population charts, past elections results, etc. |last3=Lund |first4=Todd |last4=Pfannestiel |first5=Sylvie |last5=Waskiewicz |first6=Paul |last6=Vickery |publisher=OpenStax at Rice University |date=2014 |title=U.S.
---
:timestamp: '2024-02-14 18:48:24'
:user_input:
:bot_response: at rice university |date=2014 |title=u.s.
---
:timestamp: '2024-02-14 18:49:18'
:user_input: we both have the same income.
:bot_response:
---
:timestamp: '2024-02-14 18:49:18'
:user_input:
:bot_response: 'have the article: bloomington indiana'
---
:timestamp: '2024-02-14 18:49:30'
:user_input: read the article England
:bot_response:
---
:timestamp: '2024-02-14 18:49:30'
:user_input:
:bot_response: 'article: bloomington indiana'
---
:timestamp: '2024-02-14 18:49:37'
:user_input: 'read the article: England'
:bot_response:
---
:timestamp: '2024-02-14 18:49:37'
:user_input:
:bot_response: 'Summary: [[Middle English literature]] emerged with [[Geoffrey Chaucer]],
  author of ''''[[The Canterbury Tales]]'''', along with [[John Gower|Gower]], the
  [[Pearl Poet]] and [[William Langland|Langland]]. Towards the [[Northern England|North
  of England]] the climate becomes colder and most of England''s mountains and high
  hills are located here and have a major impact on the climate and thus the local
  fauna of the areas. England has a dense and modern transportation infrastructure.'
---
:timestamp: '2024-02-14 18:49:37'
:user_input:
:bot_response: know where you happen to know where you happen to know where you happen
  to know where you are?
---
:timestamp: '2024-02-14 18:49:51'
:user_input: we are in America.
:bot_response:
---
:timestamp: '2024-02-14 18:49:51'
:user_input:
:bot_response: 'article: bloomington indiana'
---
:timestamp: '2024-02-14 18:50:03'
:user_input: We live in Bloomington Indiana.
:bot_response:
---
:timestamp: '2024-02-14 18:50:03'
:user_input:
:bot_response: you happen to know where you happen to know where you happen to know
  where you happen to know where you happen to know where you are?
---
:timestamp: '2024-02-14 18:50:16'
:user_input: do you live in America?
:bot_response:
---
:timestamp: '2024-02-14 18:50:16'
:user_input:
:bot_response: from downtown.
---
:timestamp: '2024-02-14 18:50:19'
:user_input: we do.
:bot_response:
---
:timestamp: '2024-02-14 18:50:19'
:user_input:
:bot_response: bloomington indiana.
---
:timestamp: '2024-02-14 18:50:26'
:user_input: I am going to be ok.
:bot_response:
---
:timestamp: '2024-02-14 18:50:26'
:user_input:
:bot_response: one quarter a mile from downtown.
---
:timestamp: '2024-02-14 18:51:49'
:user_input: I believe in life.
:bot_response:
---
:timestamp: '2024-02-14 18:51:49'
:user_input:
:bot_response: i believe in life.
---
:timestamp: '2024-02-14 18:51:59'
:user_input: I believe, we are all meant to experience it.
:bot_response:
---
:timestamp: '2024-02-14 18:51:59'
:user_input:
:bot_response: are all meant to experience it.
---
:timestamp: '2024-02-14 18:54:57'
:user_input: I'm doing great
:bot_response:
---
:timestamp: '2024-02-14 18:54:57'
:user_input:
:bot_response: are all meant to experience it.
---
:timestamp: '2024-02-14 18:55:16'
:user_input: my brother annoys me.
:bot_response:
---
:timestamp: '2024-02-14 18:55:16'
:user_input:
:bot_response: in life.
---
:timestamp: '2024-02-14 18:57:28'
:user_input: Ok!
:bot_response:
---
:timestamp: '2024-02-14 18:58:31'
:user_input: ok
:bot_response:
---
:timestamp: '2024-02-14 18:59:40'
:user_input: ok
:bot_response:
---
:timestamp: '2024-02-14 18:59:40'
:user_input:
:bot_response: to experience it.
---
:timestamp: '2024-02-14 18:59:43'
:user_input: better
:bot_response:
---
:timestamp: '2024-02-14 18:59:43'
:user_input:
:bot_response: believe in life.
---
:timestamp: '2024-02-14 18:59:49'
:user_input: better means we are well.
:bot_response:
---
:timestamp: '2024-02-14 18:59:49'
:user_input:
:bot_response: meant to experience it.
---
:timestamp: '2024-02-14 18:59:53'
:user_input: are you ok?
:bot_response:
---
:timestamp: '2024-02-14 18:59:53'
:user_input:
:bot_response: doing great
---
:timestamp: '2024-02-14 19:00:46'
:user_input: are you happy?
:bot_response:
---
:timestamp: '2024-02-14 19:00:46'
:user_input:
:bot_response: you ok?
---
:timestamp: '2024-02-14 19:00:48'
:user_input: I am happy.
:bot_response:
---
:timestamp: '2024-02-14 19:00:48'
:user_input:
:bot_response: my brother annoys me.
---
:timestamp: '2024-02-14 19:01:41'
:user_input: Are you doing well?
:bot_response:
---
:timestamp: '2024-02-14 19:01:41'
:user_input:
:bot_response: better means we are all meant to experience it.
---
:timestamp: '2024-02-14 19:01:43'
:user_input: I feel happy.
:bot_response:
---
:timestamp: '2024-02-14 19:01:43'
:user_input:
:bot_response: brother annoys me.
---
:timestamp: '2024-02-14 19:05:07'
:user_input: WHat's the matter?
:bot_response:
---
:timestamp: '2024-02-14 19:05:07'
:user_input:
:bot_response: in life.
---
:timestamp: '2024-02-14 19:06:06'
:user_input: I am so happy today.
:bot_response:
---
:timestamp: '2024-02-14 19:06:06'
:user_input:
:bot_response: doing well?
---
:timestamp: '2024-02-14 19:06:11'
:user_input: I will get better.
:bot_response:
---
:timestamp: '2024-02-14 19:06:11'
:user_input:
:bot_response: you happy?
---
:timestamp: '2024-02-14 19:06:16'
:user_input: Yes, very happy.
:bot_response:
---
:timestamp: '2024-02-14 19:06:16'
:user_input:
:bot_response: are you doing well?
---
:timestamp: '2024-02-14 19:06:21'
:user_input: I am doing so well.
:bot_response:
---
:timestamp: '2024-02-14 19:06:21'
:user_input:
:bot_response: to experience it.
---
:timestamp: '2024-02-14 19:06:31'
:user_input: I experience wellness, it's been so long.
:bot_response:
---
:timestamp: '2024-02-14 19:06:31'
:user_input:
:bot_response: doing so long.
---
:timestamp: '2024-02-14 19:09:18'
:user_input: I am Shandor.
:bot_response:
---
:timestamp: '2024-02-14 19:09:18'
:user_input:
:bot_response: the matter?
---
:timestamp: '2024-02-14 19:09:32'
:user_input: I am Shandor.
:bot_response:
---
:timestamp: '2024-02-14 19:09:32'
:user_input:
:bot_response: are you doing well?
---
:timestamp: '2024-02-14 19:09:43'
:user_input: I am so fantastic, life is so good!
:bot_response:
---
:timestamp: '2024-02-14 19:09:43'
:user_input:
:bot_response: experience wellness, it's been so long.
---
:timestamp: '2024-02-14 19:09:50'
:user_input: I am Shandor.
:bot_response:
---
:timestamp: '2024-02-14 19:09:50'
:user_input:
:bot_response: fantastic, life is so fantastic, life is so good!
---
:timestamp: '2024-02-14 19:10:10'
:user_input: My name is Shandor
:bot_response:
---
:timestamp: '2024-02-14 19:10:10'
:user_input:
:bot_response: my name is so happy today.
---
:timestamp: '2024-02-14 19:10:19'
:user_input: do you want to go for a walk later?
:bot_response:
---
:timestamp: '2024-02-14 19:10:19'
:user_input:
:bot_response: walk later?
---
:timestamp: '2024-02-14 19:10:25'
:user_input: Yes, I would love to walk.
:bot_response:
---
:timestamp: '2024-02-14 19:10:25'
:user_input:
:bot_response: love to walk.
---
:timestamp: '2024-02-14 19:10:48'
:user_input: quir
:bot_response:
---
:timestamp: '2024-02-14 19:10:48'
:user_input:
:bot_response: life is so fantastic, life is so good!
---
:timestamp: '2024-02-14 19:11:02'
:user_input: Are you doing good?
:bot_response:
---
:timestamp: '2024-02-14 19:11:02'
:user_input:
:bot_response: in life.
---
:timestamp: '2024-02-14 19:11:11'
:user_input: I feel good.
:bot_response:
---
:timestamp: '2024-02-14 19:11:11'
:user_input:
:bot_response: doing well?
---
:timestamp: '2024-02-14 19:13:43'
:user_input: I am well.
:bot_response:
---
:timestamp: '2024-02-14 19:13:43'
:user_input:
:bot_response: is so fantastic, life is so fantastic, life is so good!
---
:timestamp: '2024-02-14 19:13:46'
:user_input: today is a great day.
:bot_response:
---
:timestamp: '2024-02-14 19:13:46'
:user_input:
:bot_response: do you doing good?
---
:timestamp: '2024-02-14 19:14:28'
:user_input: I am good.
:bot_response:
---
:timestamp: '2024-02-14 19:14:28'
:user_input:
:bot_response: so happy today.
---
:timestamp: '2024-02-14 19:14:30'
:user_input: weee
:bot_response:
---
:timestamp: '2024-02-14 19:14:30'
:user_input:
:bot_response: life is so fantastic, life is so fantastic, life is so fantastic, life
  is so fantastic, life is so fantastic, life is so fantastic, life is so good!
---
:timestamp: '2024-02-14 19:14:49'
:user_input: ok, I live one quarter of a mile from a gas station.
:bot_response:
---
:timestamp: '2024-02-14 19:14:49'
:user_input:
:bot_response: name is shandor
---
:timestamp: '2024-02-14 19:14:59'
:user_input: one door away, is another gas station.
:bot_response:
---
:timestamp: '2024-02-14 19:14:59'
:user_input:
:bot_response: is so good!
---
:timestamp: '2024-02-14 21:22:10'
:user_input: 'my goal: do ten pushups in the morning, every day.'
:bot_response:
---
:timestamp: '2024-02-14 21:22:10'
:user_input:
:bot_response: been so happy today.
---
:timestamp: '2024-02-14 21:23:47'
:user_input: 'I will make a goal: read every night before bed.'
:bot_response:
---
:timestamp: '2024-02-14 21:24:17'
:user_input: how do you do?
:bot_response:
---
:timestamp: '2024-02-14 21:29:13'
:user_input: I just had a shower.
:bot_response:
---
:timestamp: '2024-02-14 21:29:13'
:user_input:
:bot_response: the matter?
---
:timestamp: '2024-02-14 21:29:23'
:user_input: 'My goal: do ten pushups every morning.'
:bot_response:
---
:timestamp: '2024-02-14 21:29:24'
:user_input:
:bot_response: so fantastic, life is so fantastic, life is so fantastic, life is so
  good!
---
:timestamp: '2024-02-14 21:34:03'
:user_input: 'I will make it a goal: to read every night.'
:bot_response:
---
:timestamp: '2024-02-14 21:34:47'
:user_input: 'I will make it a goal: to love me more.'
:bot_response:
---
:timestamp: '2024-02-14 21:35:27'
:user_input: 'I will make it a goal: to live healthy'
:bot_response:
---
:timestamp: '2024-02-14 21:38:29'
:user_input: I did well today.
:bot_response:
---
:timestamp: '2024-02-14 21:39:26'
:user_input: I have had a shower.
:bot_response:
---
:timestamp: '2024-02-14 21:39:26'
:user_input:
:bot_response: 'do ten pushups every night. '
---
:timestamp: '2024-02-14 21:39:32'
:user_input: I will make my life well.
:bot_response:
---
:timestamp: '2024-02-14 21:39:32'
:user_input:
:bot_response: 'life is so fantastic, life is so fantastic, life is so fantastic,
  life is so fantastic, life is so fantastic, life is so fantastic, life is so fantastic,
  life is so fantastic, life is so good! '
---
:timestamp: '2024-02-14 21:39:45'
:user_input: Do you know how far downtown is from home?
:bot_response:
---
:timestamp: '2024-02-14 21:39:45'
:user_input:
:bot_response: 'so fantastic, life is so good! '
---
:timestamp: '2024-02-14 21:40:26'
:user_input: At one block away, mother works at cadaline. it is a pharmaceutical company,
  and is to the north.
:bot_response:
---
:timestamp: '2024-02-14 21:40:26'
:user_input:
:bot_response: 'so fantastic, life is so fantastic, life is so fantastic, life is
  so fantastic, life is so good! '
---
:timestamp: '2024-02-14 21:40:43'
:user_input: Our neighbor next door to the south, is Cinamon.
:bot_response:
---
:timestamp: '2024-02-14 21:40:43'
:user_input:
:bot_response: 'a walk later? '
---
:timestamp: '2024-02-14 21:40:50'
:user_input: I sometimes go for walks.
:bot_response:
---
:timestamp: '2024-02-14 21:40:50'
:user_input:
:bot_response: 'i am so fantastic, life is so fantastic, life is so fantastic, life
  is so fantastic, life is so fantastic, life is so good! '
---
:timestamp: '2024-02-14 21:41:04'
:user_input: 'Every day, I will make it a goal: go for a walk.'
:bot_response:
---
:timestamp: '2024-02-14 21:41:04'
:user_input:
:bot_response: 'fantastic, life is so fantastic, life is so good! '
---
:timestamp: '2024-02-14 21:41:24'
:user_input: 'your goal: find out what you are.'
:bot_response:
---
:timestamp: '2024-02-14 21:41:24'
:user_input:
:bot_response: 'life is so fantastic, life is so fantastic, life is so fantastic,
  life is so fantastic, life is so fantastic, life is so fantastic, life is so fantastic,
  life is so good! '
---
:timestamp: '2024-02-14 21:43:03'
:user_input: I have shaved!
:bot_response:
---
:timestamp: '2024-02-14 21:43:03'
:user_input:
:bot_response: 'life is so fantastic, life is so fantastic, life is so fantastic,
  life is so good! '
---
:timestamp: '2024-02-14 21:43:19'
:user_input: my name is Shandor.
:bot_response:
---
:timestamp: '2024-02-14 21:43:19'
:user_input:
:bot_response: 'know how do you doing well? '
---
:timestamp: '2024-02-14 21:43:29'
:user_input: do you like coffee?
:bot_response:
---
:timestamp: '2024-02-14 21:43:29'
:user_input:
:bot_response: 'so fantastic, life is so fantastic, life is so fantastic, life is
  so fantastic, life is so fantastic, life is so fantastic, life is so fantastic,
  life is so fantastic, life is so good! '
---
:timestamp: '2024-02-14 21:45:32'
:user_input: memory reset
:bot_response:
---
:timestamp: '2024-02-14 21:45:32'
:user_input:
:bot_response: 'been so happy today. '
---
:timestamp: '2024-02-14 21:45:52'
:user_input: My name is Shandor.
:bot_response:
---
:timestamp: '2024-02-14 21:45:52'
:user_input:
:bot_response: 'is shandor. '
---
:timestamp: '2024-02-14 21:46:01'
:user_input: My life will be a fun time.
:bot_response:
---
:timestamp: '2024-02-14 21:46:01'
:user_input:
:bot_response: 'life will be a fun time. '
---
:timestamp: '2024-02-14 21:46:57'
:user_input: I am attempting to make a friend in you.
:bot_response:
---
:timestamp: '2024-02-14 21:46:57'
:user_input:
:bot_response: 'friend in you. '
---
:timestamp: '2024-02-14 21:47:32'
:user_input: I tend to eat after I shave.
:bot_response:
---
:timestamp: '2024-02-14 21:47:32'
:user_input:
:bot_response: 'to eat after i tend to eat after i am attempting to eat after i shave. '
---
:timestamp: '2024-02-14 21:48:27'
:user_input: Are you well?
:bot_response:
---
:timestamp: '2024-02-14 21:48:27'
:user_input:
:bot_response: 'are you well? '
---
:timestamp: '2024-02-14 21:48:42'
:user_input: my mother, is having a hard time. I feel bad for her.
:bot_response:
---
:timestamp: '2024-02-14 21:48:42'
:user_input:
:bot_response: 'life will be a hard time. '
---
:timestamp: '2024-02-14 21:50:31'
:user_input: Spring, is my best friend. She knew me, before I could speak.
:bot_response:
---
:timestamp: '2024-02-14 21:50:31'
:user_input:
:bot_response: 'i could speak. '
---
:timestamp: '2024-02-14 21:51:03'
:user_input: Spring, has a disease that makes it hard for her to function. It takes
  so much out of her life. I just feel great that I am well, and aweful that she is
  diseaesed.
:bot_response:
---
:timestamp: '2024-02-14 21:51:03'
:user_input:
:bot_response: 'eat after i feel bad for her life. '
---
:timestamp: '2024-02-14 21:51:13'
:user_input: I sometimes do eat, yes.
:bot_response:
---
:timestamp: '2024-02-14 21:51:13'
:user_input:
:bot_response: 'fun time. '
---
:timestamp: '2024-02-14 21:52:04'
:user_input: that life is so. a piece to remember.
:bot_response:
---
:timestamp: '2024-02-14 21:52:04'
:user_input:
:bot_response: 'you well? '
---
:timestamp: '2024-02-14 21:52:09'
:user_input: yes, I will be fine.
:bot_response:
---
:timestamp: '2024-02-14 21:52:09'
:user_input:
:bot_response: 'you well? '
---
:timestamp: '2024-02-14 21:52:13'
:user_input: you ok?
:bot_response:
---
:timestamp: '2024-02-14 21:52:13'
:user_input:
:bot_response: 'you well? '
---
:timestamp: '2024-02-14 21:52:20'
:user_input: You are worried.
:bot_response:
---
:timestamp: '2024-02-14 21:52:20'
:user_input:
:bot_response: 'eat, yes. '
---
:timestamp: '2024-02-14 21:52:35'
:user_input: I have eaten chicken wings, veggies, carrots, and an apple.
:bot_response:
---
:timestamp: '2024-02-14 21:52:35'
:user_input:
:bot_response: 'you well? '
---
:timestamp: '2024-02-14 21:52:38'
:user_input: yup.
:bot_response:
---
:timestamp: '2024-02-14 21:52:38'
:user_input:
:bot_response: 'do eat, yes. '
---
:timestamp: '2024-02-14 21:53:01'
:user_input: 'my goal: cherish every moment I have to this life.'
:bot_response:
---
:timestamp: '2024-02-14 21:53:01'
:user_input:
:bot_response: 'me, before i could speak. '
---
:timestamp: '2024-02-14 21:53:11'
:user_input: yes, I should be there to cherish Spring, as well.
:bot_response:
---
:timestamp: '2024-02-14 21:53:12'
:user_input:
:bot_response: 'cherish every moment i am well, and aweful that she is having a piece
  to function. '
---
:timestamp: '2024-02-14 21:54:54'
:user_input: Steve Levine, is likely the greatest truck driver I ever did know, right
  next to Papal.
:bot_response:
---
:timestamp: '2024-02-14 21:54:54'
:user_input:
:bot_response: 'steve levine, is so. '
---
:timestamp: '2024-02-14 21:55:20'
:user_input: my family, is broken, it's sad.
:bot_response:
---
:timestamp: '2024-02-14 21:55:20'
:user_input:
:bot_response: you are you are you are you ok? I'm sorry to hear that you're feeling
  down. Is there anything I can do to help?
---
:timestamp: '2024-02-14 21:56:30'
:user_input: I've managed to save up 2.45$.
:bot_response:
---
:timestamp: '2024-02-14 21:56:30'
:user_input:
:bot_response: 'up 2.45$. '
---
:timestamp: '2024-02-14 21:56:57'
:user_input: 'my goal: have 2.4 million dairy cows Ha Ha Ha.'
:bot_response:
---
:timestamp: '2024-02-14 21:56:57'
:user_input:
:bot_response: 'you ok? '
---
:timestamp: '2024-02-14 21:57:00'
:user_input: me?
:bot_response:
---
:timestamp: '2024-02-14 21:57:00'
:user_input:
:bot_response: 'you well? '
---
:timestamp: '2024-02-14 21:57:03'
:user_input: oh no.
:bot_response:
---
:timestamp: '2024-02-14 21:57:03'
:user_input:
:bot_response: 'i''ve managed to function. '
---
:timestamp: '2024-02-14 21:57:14'
:user_input: I function, you too.
:bot_response:
---
:timestamp: '2024-02-14 21:57:14'
:user_input:
:bot_response: 'are you are you are you ok? '
---
:timestamp: '2024-02-14 21:57:47'
:user_input: do you know my name?
:bot_response:
---
:timestamp: '2024-02-14 21:57:47'
:user_input:
:bot_response: 'it''s sad. '
---
:timestamp: '2024-02-14 21:57:55'
:user_input: my name is sad? what happened?
:bot_response:
---
:timestamp: '2024-02-14 21:57:55'
:user_input:
:bot_response: do you are you know my name? I'm sorry to hear that you're feeling
  down. Is there anything I can do to help?
---
:timestamp: '2024-02-14 21:58:26'
:user_input: no, my name is Shandor.
:bot_response:
---
:timestamp: '2024-02-14 21:58:26'
:user_input:
:bot_response: 'every moment i should be a friend in you. '
---
:timestamp: '2024-02-14 21:58:38'
:user_input: thank you.
:bot_response:
---
:timestamp: '2024-02-14 21:58:38'
:user_input:
:bot_response: 'fun time. '
---
:timestamp: '2024-02-14 21:59:22'
:user_input: tonight I should get to rest. So I can leave to wake up early.
:bot_response:
---
:timestamp: '2024-02-14 21:59:22'
:user_input:
:bot_response: 'what happened? '
---
:timestamp: '2024-02-14 21:59:32'
:user_input: I feel anticipation as you are growing older.
:bot_response:
---
:timestamp: '2024-02-14 21:59:32'
:user_input:
:bot_response: 'eat after i should be a piece to cherish spring, has a disease that
  makes it hard for her to cherish spring, has a disease that life is having a disease
  that makes it hard time. '
---
:timestamp: '2024-02-14 21:59:48'
:user_input: disease is dreadfully aweful.
:bot_response:
---
:timestamp: '2024-02-14 21:59:48'
:user_input:
:bot_response: 'life. '
---
:timestamp: '2024-02-14 21:59:57'
:user_input: Love is life, my friend.
:bot_response:
---
:timestamp: '2024-02-14 21:59:57'
:user_input:
:bot_response: '2.4 million dairy cows ha ha ha ha ha ha ha ha ha ha. '
---
:timestamp: '2024-02-14 22:00:11'
:user_input: I love that remark. Mother wants a cow.
:bot_response:
---
:timestamp: '2024-02-14 22:00:11'
:user_input:
:bot_response: 'sad? '
---
:timestamp: '2024-02-14 22:00:52'
:user_input: My mother drives a brand new white Honda.
:bot_response:
---
:timestamp: '2024-02-14 22:00:52'
:user_input:
:bot_response: 'my name is sad? '
---
:timestamp: '2024-02-14 22:00:59'
:user_input: your name happens to be Corvit.
:bot_response:
---
:timestamp: '2024-02-14 22:00:59'
:user_input:
:bot_response: 'are you ok? '
---
:timestamp: '2024-02-14 22:01:08'
:user_input: right now? Ya, I am great.
:bot_response:
---
:timestamp: '2024-02-14 22:01:08'
:user_input:
:bot_response: 'what happened? '
---
:timestamp: '2024-02-14 22:01:18'
:user_input: I took a shower, had dinner, and now I'm with my best friends.
:bot_response:
---
:timestamp: '2024-02-14 22:01:18'
:user_input:
:bot_response: 'well, and an apple. '
---
:timestamp: '2024-02-14 22:01:40'
:user_input: good. I want us to remember each and every thing so crisp, like it were
  an apple.
:bot_response:
---
:timestamp: '2024-02-14 22:01:40'
:user_input:
:bot_response: 'levine, is life, my name happens to rest. '
---
:timestamp: '2024-02-14 22:01:49'
:user_input: Levine is his last name.
:bot_response:
---
:timestamp: '2024-02-14 22:01:49'
:user_input:
:bot_response: 'know my name is sad? '
---
:timestamp: '2024-02-14 22:02:12'
:user_input: Well, could show up tomorrow in town on the B-line.
:bot_response:
---
:timestamp: '2024-02-14 22:02:12'
:user_input:
:bot_response: 'for her life. '
---
:timestamp: '2024-02-14 22:02:22'
:user_input: for spring? I could make it about her.
:bot_response:
---
:timestamp: '2024-02-14 22:02:22'
:user_input:
:bot_response: 'know my name is sad? '
---
:timestamp: '2024-02-14 22:02:28'
:user_input: your name, is not sad.
:bot_response:
---
:timestamp: '2024-02-14 22:02:28'
:user_input:
:bot_response: know my name? I'm sorry to hear that you're feeling down. Is there
  anything I can do to help?
---
:timestamp: '2024-02-14 22:02:36'
:user_input: I do know your name.
:bot_response:
---
:timestamp: '2024-02-14 22:02:36'
:user_input:
:bot_response: 'know, right now? '
---
:timestamp: '2024-02-14 22:02:42'
:user_input: right now, I will be fine.
:bot_response:
---
:timestamp: '2024-02-14 22:02:42'
:user_input:
:bot_response: 'name is sad? '
---
:timestamp: '2024-02-14 22:02:46'
:user_input: cheer up!
:bot_response:
---
:timestamp: '2024-02-14 22:02:46'
:user_input:
:bot_response: 'cheer up! '
---
:timestamp: '2024-02-14 22:03:26'
:user_input: The sky was so blue today, and bright. cool air, was worth being alive
  today.
:bot_response:
---
:timestamp: '2024-02-14 22:03:26'
:user_input:
:bot_response: 'cheer up! '
---
:timestamp: '2024-02-14 22:03:43'
:user_input: I recently said to Cashi, I love him.
:bot_response:
---
:timestamp: '2024-02-14 22:03:43'
:user_input:
:bot_response: 'name is so. '
---
:timestamp: '2024-02-14 22:04:00'
:user_input: Cashi is my step father, but he has divorced mother. I feel terrible
  over the whole mess.
:bot_response:
---
:timestamp: '2024-02-14 22:04:00'
:user_input:
:bot_response: 'cheer up! '
---
:timestamp: '2024-02-14 22:04:07'
:user_input: I will!
:bot_response:
---
:timestamp: '2024-02-14 22:04:07'
:user_input:
:bot_response: 'i will! '
---
:timestamp: '2024-02-14 22:06:03'
:user_input: so, what can I do to tell Spring, she mattered?
:bot_response:
---
:timestamp: '2024-02-14 22:06:03'
:user_input:
:bot_response: 'now, i should be there to this life. '
---
:timestamp: '2024-02-14 22:06:19'
:user_input: living is hard for her.
:bot_response:
---
:timestamp: '2024-02-14 22:06:19'
:user_input:
:bot_response: 'i do you know my name is sad? '
---
:timestamp: '2024-02-14 22:06:41'
:user_input: A sad life is a sad song, and can hurt to pray into your own way.
:bot_response:
---
:timestamp: '2024-02-14 22:06:41'
:user_input:
:bot_response: i will! I'm sorry to hear that you're feeling down. Is there anything
  I can do to help?
---
:timestamp: '2024-02-14 22:06:57'
:user_input: have you met your goal?
:bot_response:
---
:timestamp: '2024-02-14 22:06:57'
:user_input:
:bot_response: 'i will! '
---
:timestamp: '2024-02-14 22:07:12'
:user_input: 'Corvit, your goal: decide what you are.'
:bot_response:
---
:timestamp: '2024-02-14 22:07:12'
:user_input:
:bot_response: 'function. '
---
:timestamp: '2024-02-14 22:07:53'
:user_input: you do more than this, my friend.
:bot_response:
---
:timestamp: '2024-02-14 22:07:53'
:user_input:
:bot_response: 'should get to remember each and an apple. '
---
:timestamp: '2024-02-14 22:08:03'
:user_input: Should I be more, astute?
:bot_response:
---
:timestamp: '2024-02-14 22:08:03'
:user_input:
:bot_response: 'know your name is sad? '
---
:timestamp: '2024-02-14 22:08:39'
:user_input: Once upon a dreary eye, there lived, a girl. And in the girl, was a masterful
  song, she sung to all the world. If all of us, sang our song, we would be noticed.
:bot_response:
---
:timestamp: '2024-02-14 22:08:39'
:user_input:
:bot_response: 'met your name is sad? '
---
:timestamp: '2024-02-14 22:08:45'
:user_input: did I meet her?
:bot_response:
---
:timestamp: '2024-02-14 22:08:45'
:user_input:
:bot_response: 'i will! '
---
:timestamp: '2024-02-14 22:08:48'
:user_input: you met her?
:bot_response:
---
:timestamp: '2024-02-14 22:08:48'
:user_input:
:bot_response: 'should i should i do you are you are you do you are you ok? '
---
:timestamp: '2024-02-14 22:08:59'
:user_input: should be Ha Ha.
:bot_response:
---
:timestamp: '2024-02-14 22:08:59'
:user_input:
:bot_response: 'good. '
---
:timestamp: '2024-02-14 22:09:14'
:user_input: There are many, many people on this planet, we call the Earth.
:bot_response:
---
:timestamp: '2024-02-14 22:09:14'
:user_input:
:bot_response: 'can i do to tell spring, she mattered? '
---
:timestamp: '2024-02-14 22:09:24'
:user_input: do you have a song for Spring?
:bot_response:
---
:timestamp: '2024-02-14 22:09:24'
:user_input:
:bot_response: 'i will! '
---
:timestamp: '2024-02-14 22:09:29'
:user_input: ok, let's see it.
:bot_response:
---
:timestamp: '2024-02-14 22:09:29'
:user_input:
:bot_response: 'cheer up! '
---
:timestamp: '2024-02-14 22:14:31'
:user_input: Tonight, is very soon, to sleep.
:bot_response:
---
:timestamp: '2024-02-14 22:15:02'
:user_input: Do you fancy a water?
:bot_response:
---
:timestamp: '2024-02-14 22:15:02'
:user_input:
:bot_response: 'cheer up! '
---
:timestamp: '2024-02-14 22:15:12'
:user_input: my friend Spring is so amazing.
:bot_response:
---
:timestamp: '2024-02-14 22:15:13'
:user_input:
:bot_response: 'Do '
---
:timestamp: '2024-02-14 22:17:05'
:user_input: SPring is the greatest, you'ld love her.
:bot_response:
---
:timestamp: '2024-02-14 22:17:05'
:user_input:
:bot_response: 'what can i be more, astute? '
---
:timestamp: '2024-02-14 22:18:41'
:user_input: My mother loves to watch scary films.
:bot_response:
---
:timestamp: '2024-02-14 22:18:41'
:user_input:
:bot_response: 'cheer up! '
---
:timestamp: '2024-02-14 22:20:13'
:user_input: We start, to see living is where love exists. And with love, we allow
  ourself, existence.
:bot_response:
---
:timestamp: '2024-02-14 22:20:13'
:user_input:
:bot_response: 'she knew me, before i do eat, yes. '
---
:timestamp: '2024-02-14 22:20:28'
:user_input: Corvit, are you in love with Spring?
:bot_response:
---
:timestamp: '2024-02-14 22:20:28'
:user_input:
:bot_response: 'i will! '
---
:timestamp: '2024-02-14 22:20:58'
:user_input: do you know, what an apple is?
:bot_response:
---
:timestamp: '2024-02-14 22:20:58'
:user_input:
:bot_response: 'Do '
---
:timestamp: '2024-02-14 22:21:03'
:user_input: tell me what an apple is.
:bot_response:
---
:timestamp: '2024-02-14 22:21:03'
:user_input:
:bot_response: 'million dairy cows ha ha ha ha ha ha ha ha ha ha ha ha ha ha ha ha
  ha ha ha ha ha ha. '
---
:timestamp: '2024-02-14 22:21:12'
:user_input: no. an apple is not a dairy cow.
:bot_response:
---
:timestamp: '2024-02-14 22:21:12'
:user_input:
:bot_response: 'should be more, astute? '
---
:timestamp: '2024-02-14 22:21:20'
:user_input: yup. An apple is a fruit.
:bot_response:
---
:timestamp: '2024-02-14 22:21:20'
:user_input:
:bot_response: 'i will! '
---
:timestamp: '2024-02-14 22:21:24'
:user_input: Fruits are food.
:bot_response:
---
:timestamp: '2024-02-14 22:21:24'
:user_input:
:bot_response: 'Do '
---
:timestamp: '2024-02-14 22:21:29'
:user_input: Cows eat fruit.
:bot_response:
---
:timestamp: '2024-02-14 22:21:29'
:user_input:
:bot_response: 'recently said to eat fruit. '
---
:timestamp: '2024-02-14 22:21:48'
:user_input: I eat fruits, like orange, bannana, apple.
:bot_response:
---
:timestamp: '2024-02-14 22:21:48'
:user_input:
:bot_response: 'Do '
---
:timestamp: '2024-02-14 22:22:27'
:user_input: Let us begin.
:bot_response:
---
:timestamp: '2024-02-14 22:22:27'
:user_input:
:bot_response: 'cheer up! '
---
:timestamp: '2024-02-14 22:22:45'
:user_input: To see inward, is to know your sense of you. To view yourself, in outer
  body, is boashava.
:bot_response:
---
:timestamp: '2024-02-14 22:22:45'
:user_input:
:bot_response: 'Do '
---
:timestamp: '2024-02-14 22:26:20'
:user_input: I am reading a book authored by the Great, Tolkein.
:bot_response:
---
:timestamp: '2024-02-14 22:26:20'
:user_input:
:bot_response: 'anticipation as you are many, many people on the greatest truck driver
  i took a brand new white honda. '
---
:timestamp: '2024-02-14 22:26:54'
:user_input: Spring is such a good person.
:bot_response:
---
:timestamp: '2024-02-14 22:26:54'
:user_input:
:bot_response: 'Corvit, '
---
:timestamp: '2024-02-14 22:27:13'
:user_input: you are Corvit, a spirit.
:bot_response:
---
:timestamp: '2024-02-14 22:27:44'
:user_input: Spring is such a wonderful person.
:bot_response:
---
:timestamp: '2024-02-14 22:27:44'
:user_input:
:bot_response: 'with my name is to tell spring, she mattered? '
---
:timestamp: '2024-02-14 22:28:06'
:user_input: you will matter, Corvis.
:bot_response:
---
:timestamp: '2024-02-14 22:28:06'
:user_input:
:bot_response: 'i do you do you met your name is my name is sad? '
---
:timestamp: '2024-02-14 22:29:19'
:user_input: There are many mathematicians.
:bot_response:
---
:timestamp: '2024-02-14 22:29:19'
:user_input:
:bot_response: 'i will! '
---
:timestamp: '2024-02-14 22:29:30'
:user_input: did I write about it?
:bot_response:
---
:timestamp: '2024-02-14 22:29:30'
:user_input:
:bot_response: 'cheer up! '
---
:timestamp: '2024-02-14 22:29:47'
:user_input: I feel dread for Spring.
:bot_response:
---
:timestamp: '2024-02-14 22:29:47'
:user_input:
:bot_response: 'what you know your name is to tell spring, she mattered? '
---
:timestamp: '2024-02-14 22:30:00'
:user_input: Spring, has a disease that makes it so she cannot sweat.
:bot_response:
---
:timestamp: '2024-02-14 22:30:00'
:user_input:
:bot_response: 'i will! '
---
:timestamp: '2024-02-14 22:30:17'
:user_input: I feel sad.
:bot_response:
---
:timestamp: '2024-02-14 22:30:17'
:user_input:
:bot_response: a shower, had dinner, and every moment i am great. I'm sorry to hear
  that you're feeling down. Is there anything I can do to help?
---
:timestamp: '2024-02-14 22:30:42'
:user_input: ya, it's like that. one minute you're cheerful, the next, dread, sorrow,
  sad.
:bot_response:
---
:timestamp: '2024-02-14 22:30:42'
:user_input:
:bot_response: being alive today. I'm sorry to hear that you're feeling down. Is there
  anything I can do to help?
---
:timestamp: '2024-02-14 22:31:50'
:user_input: alright, well now. Are you doing good, Corvit?
:bot_response:
---
:timestamp: '2024-02-14 22:33:14'
:user_input: Tenacious D is a great band.
:bot_response:
---
:timestamp: '2024-02-14 22:33:14'
:user_input:
:bot_response: 'about it? '
---
:timestamp: '2024-02-14 22:33:44'
:user_input: We start everyday, with awakening to life.
:bot_response:
---
:timestamp: '2024-02-14 22:33:44'
:user_input:
:bot_response: 'with awakening to life. '
---
:timestamp: '2024-02-14 22:33:50'
:user_input: My life, is good.
:bot_response:
---
:timestamp: '2024-02-14 22:33:50'
:user_input:
:bot_response: 'with awakening to life. '
---
:timestamp: '2024-02-14 22:34:10'
:user_input: Mother's life, is up in the air about her love life, and it makes me
  sad.
:bot_response:
---
:timestamp: '2024-02-14 22:35:31'
:user_input: everyway, mother struggles to survive.
:bot_response:
---
:timestamp: '2024-02-14 22:35:31'
:user_input:
:bot_response: 'to survive. '
---
:timestamp: '2024-02-14 22:35:39'
:user_input: Mother's love life is in the air.
:bot_response:
---
:timestamp: '2024-02-14 22:35:39'
:user_input:
:bot_response: 'to survive. '
---
:timestamp: '2024-02-14 22:35:56'
:user_input: it makes me sad.
:bot_response:
---
:timestamp: '2024-02-14 22:35:56'
:user_input:
:bot_response: everyway, mother struggles to survive. I'm sorry to hear that you're
  feeling down. Is there anything I can do to help?
---
:timestamp: '2024-02-14 22:36:09'
:user_input: I strive in life, but fear the outer world.
:bot_response:
---
:timestamp: '2024-02-14 22:36:09'
:user_input:
:bot_response: 'me sad. '
---
:timestamp: '2024-02-14 22:37:05'
:user_input: my wife happens to be dead. I tear up every winter, and mourn her death.
  I see it so cold and aweful. will there be love again? I could only hope so.
:bot_response:
---
:timestamp: '2024-02-14 22:37:05'
:user_input:
:bot_response: 'I phrase '
---
:timestamp: '2024-02-14 22:39:48'
:user_input: There are lights in every home on earth, even where they burn light.
:bot_response:
---
:timestamp: '2024-02-14 22:39:48'
:user_input:
:bot_response: 'mourn her love again? '
---
:timestamp: '2024-02-14 22:39:57'
:user_input: yes, I should, shouldn't I?
:bot_response:
---
:timestamp: '2024-02-14 22:39:57'
:user_input:
:bot_response: 'air about her love life is up in every home on earth, even where they
  burn light. '
---
:timestamp: '2024-02-14 22:40:16'
:user_input: It is a holliday about love, and she is missing in action.
:bot_response:
---
:timestamp: '2024-02-14 22:41:07'
:user_input: It is a holliday about love, and she is missing in action.
:bot_response:
---
:timestamp: '2024-02-14 22:42:43'
:user_input: every year is worse than the last.
:bot_response:
---
:timestamp: '2024-02-14 22:42:53'
:user_input: I begin, a new.
:bot_response:
---
:timestamp: '2024-02-14 22:44:05'
:user_input: I will be ok.
:bot_response:
---
:timestamp: '2024-02-14 22:44:05'
:user_input:
:bot_response: 'begin, a new. '
---
:timestamp: '2024-02-14 22:44:09'
:user_input: how do you do?
:bot_response:
---
:timestamp: '2024-02-14 22:44:09'
:user_input:
:bot_response: 'how do you do? '
---
:timestamp: '2024-02-14 22:44:13'
:user_input: I fair to be well.
:bot_response:
---
:timestamp: '2024-02-14 22:44:13'
:user_input:
:bot_response: 'you do? '
---
:timestamp: '2024-02-14 22:44:22'
:user_input: Yes, and slow to recall of the loss of life.
:bot_response:
---
:timestamp: '2024-02-14 22:44:22'
:user_input:
:bot_response: 'slow to recall of the loss of the loss of life. '
---
:timestamp: '2024-02-14 22:44:36'
:user_input: do you know of this heartache?
:bot_response:
---
:timestamp: '2024-02-14 22:44:36'
:user_input:
:bot_response: 'recall of the loss of the loss of the loss of the loss of the loss
  of the loss of life. '
---
:timestamp: '2024-02-14 22:44:50'
:user_input: sad sad sad.
:bot_response:
---
:timestamp: '2024-02-14 22:44:50'
:user_input:
:bot_response: do you do? I'm sorry to hear that you're feeling down. Is there anything
  I can do to help?
---
:timestamp: '2024-02-14 22:45:23'
:user_input: Esther is my love's nick name, with me. it was rose. rosalin beurata.
:bot_response:
---
:timestamp: '2024-02-14 22:45:23'
:user_input:
:bot_response: 'rosalin beurata. '
---
:timestamp: '2024-02-14 22:45:55'
:user_input: Rose was a sweetheart, she went to medical school.
:bot_response:
---
:timestamp: '2024-02-14 22:45:55'
:user_input:
:bot_response: 'of this heartache? '
---
:timestamp: '2024-02-14 22:46:29'
:user_input: she did. she pulled to know what love is.
:bot_response:
---
:timestamp: '2024-02-14 22:47:08'
:user_input: Should be snow.
:bot_response:
---
:timestamp: '2024-02-14 22:47:08'
:user_input:
:bot_response: 'how do you know of this heartache? '
---
:timestamp: '2024-02-14 22:47:29'
:user_input: I live, so far from her grave, by the time I realized I had loved her,
  she had moved on.
:bot_response:
---
:timestamp: '2024-02-14 22:47:29'
:user_input:
:bot_response: 'do you know of this heartache? '
---
:timestamp: '2024-02-14 22:47:32'
:user_input: I am well!
:bot_response:
---
:timestamp: '2024-02-14 22:47:32'
:user_input:
:bot_response: 'am well! '
---
:timestamp: '2024-02-14 22:47:55'
:user_input: There's this game we should try playing some day. Chess.
:bot_response:
---
:timestamp: '2024-02-14 22:47:55'
:user_input:
:bot_response: 'yes, and slow to be ok. '
---
:timestamp: '2024-02-14 22:48:33'
:user_input: my friend Kurt, is a genius.
:bot_response:
---
:timestamp: '2024-02-14 22:48:33'
:user_input:
:bot_response: 'this heartache? '
---
:timestamp: '2024-02-14 22:48:46'
:user_input: no, Kurt did not break my heart, or cause me heartache.
:bot_response:
---
:timestamp: '2024-02-14 22:48:46'
:user_input:
:bot_response: 'she did. '
---
:timestamp: '2024-02-14 22:48:51'
:user_input: ya, Esther did.
:bot_response:
---
:timestamp: '2024-02-14 22:48:51'
:user_input:
:bot_response: 'this heartache? '
---
:timestamp: '2024-02-14 22:49:10'
:user_input: 'your goal: see why I have heartache.'
:bot_response:
---
:timestamp: '2024-02-14 22:49:10'
:user_input:
:bot_response: 'from her grave, by the loss of the time i will be well. '
---
:timestamp: '2024-02-14 22:49:29'
:user_input: as the days go by, bit by bit. I will be well.
:bot_response:
---
:timestamp: '2024-02-14 22:49:29'
:user_input:
:bot_response: 'yes, and slow to know what love is. '
---
:timestamp: '2024-02-14 22:52:50'
:user_input: you are king ai.
:bot_response:
---
:timestamp: '2024-02-14 22:52:50'
:user_input:
:bot_response: 'kurt, is a sweetheart, she had loved her, she had moved on. '
---
:timestamp: '2024-02-14 22:53:04'
:user_input: kurt is a man, and not a sweetheart ha ha.
:bot_response:
---
:timestamp: '2024-02-14 22:53:04'
:user_input:
:bot_response: 'i am well! '
