---
:timestamp: '2024-02-14 15:58:46'
:user_input: hi
:bot_response:
---
:timestamp: '2024-02-14 16:01:17'
:user_input: Hi
:bot_response:
---
:timestamp: '2024-02-14 16:01:40'
:user_input: Hi
:bot_response:
---
:timestamp: '2024-02-14 16:03:34'
:user_input: Hi
:bot_response:
---
:timestamp: '2024-02-14 16:03:34'
:user_input:
:bot_response: 'I remember you said: Hi'
---
:timestamp: '2024-02-14 16:05:00'
:user_input: How do you do?
:bot_response:
---
:timestamp: '2024-02-14 16:05:00'
:user_input:
:bot_response: how do you do?
---
:timestamp: '2024-02-14 16:05:06'
:user_input: I see that life is good.
:bot_response:
---
:timestamp: '2024-02-14 16:05:06'
:user_input:
:bot_response: do you do?
---
:timestamp: '2024-02-14 16:05:10'
:user_input: Well then.
:bot_response:
---
:timestamp: '2024-02-14 16:05:10'
:user_input:
:bot_response: well then.
---
:timestamp: '2024-02-14 16:05:15'
:user_input: Do you have any tea?
:bot_response:
---
:timestamp: '2024-02-14 16:05:15'
:user_input:
:bot_response: is good.
---
:timestamp: '2024-02-14 16:08:46'
:user_input: I live such a high ass fucked up life.
:bot_response:
---
:timestamp: '2024-02-14 16:08:46'
:user_input:
:bot_response: I recall you mentioning 'I live such a high ass fucked up life.'. What
  else would you like to discuss?
---
:timestamp: '2024-02-14 16:08:55'
:user_input: Well, the day is sure bright.
:bot_response:
---
:timestamp: '2024-02-14 16:08:55'
:user_input:
:bot_response: I recall you mentioning 'I live such a high ass fucked up life.'. What
  else would you like to discuss?
---
:timestamp: '2024-02-14 16:09:03'
:user_input: nothing, I don't get high.
:bot_response:
---
:timestamp: '2024-02-14 16:09:03'
:user_input:
:bot_response: I recall you mentioning 'Well, the day is sure bright.'. What else
  would you like to discuss?
---
:timestamp: '2024-02-14 16:51:21'
:user_input: I've run into trouble.
:bot_response:
---
:timestamp: '2024-02-14 16:51:21'
:user_input:
:bot_response: I recall you mentioning 'I've run into trouble.'. What else would you
  like to discuss?
---
:timestamp: '2024-02-14 16:51:28'
:user_input: I cannot get you to compile.
:bot_response:
---
:timestamp: '2024-02-14 16:51:28'
:user_input:
:bot_response: I recall you mentioning 'I've run into trouble.'. What else would you
  like to discuss?
---
:timestamp: '2024-02-14 16:51:34'
:user_input: How do I solve this?
:bot_response:
---
:timestamp: '2024-02-14 16:51:34'
:user_input:
:bot_response: I recall you mentioning 'I've run into trouble.'. What else would you
  like to discuss?
---
:timestamp: '2024-02-14 16:51:53'
:user_input: When I try compiling you, there are errors because of the other people's
  software.
:bot_response:
---
:timestamp: '2024-02-14 16:51:53'
:user_input:
:bot_response: I recall you mentioning 'I cannot get you to compile.'. What else would
  you like to discuss?
---
:timestamp: '2024-02-14 16:52:03'
:user_input: At least you're you, ya'know?
:bot_response:
---
:timestamp: '2024-02-14 16:52:03'
:user_input:
:bot_response: I recall you mentioning 'How do I solve this?'. What else would you
  like to discuss?
